[2021-06-21 00:01:49.632] [exthost] [info] extension host started
[2021-06-21 00:01:49.815] [exthost] [info] ExtensionService#_doActivateExtension vscode.microsoft-authentication {"startup":false,"extensionId":{"value":"vscode.microsoft-authentication","_lower":"vscode.microsoft-authentication"},"activationEvent":"onAuthenticationRequest:microsoft"}
[2021-06-21 00:01:49.815] [exthost] [info] ExtensionService#loadCommonJSModule file:///snap/code/67/usr/share/code/resources/app/extensions/microsoft-authentication/dist/extension.js
[2021-06-21 00:01:49.850] [exthost] [info] ExtensionService#_doActivateExtension vscode.debug-auto-launch {"startup":true,"extensionId":{"value":"vscode.debug-auto-launch","_lower":"vscode.debug-auto-launch"},"activationEvent":"*"}
[2021-06-21 00:01:49.850] [exthost] [info] ExtensionService#loadCommonJSModule file:///snap/code/67/usr/share/code/resources/app/extensions/debug-auto-launch/dist/extension
[2021-06-21 00:01:49.855] [exthost] [info] ExtensionService#_doActivateExtension vscode.git {"startup":true,"extensionId":{"value":"vscode.github","_lower":"vscode.github"},"activationEvent":"*"}
[2021-06-21 00:01:49.855] [exthost] [info] ExtensionService#loadCommonJSModule file:///snap/code/67/usr/share/code/resources/app/extensions/git/dist/main
[2021-06-21 00:01:49.927] [exthost] [info] ExtensionService#_doActivateExtension ms-vsliveshare.vsliveshare {"startup":true,"extensionId":{"value":"ms-vsliveshare.vsliveshare","_lower":"ms-vsliveshare.vsliveshare"},"activationEvent":"*"}
[2021-06-21 00:01:49.927] [exthost] [info] ExtensionService#loadCommonJSModule file:///home/manu/.vscode/extensions/ms-vsliveshare.vsliveshare-1.0.4419/out/prod/extension-prod
[2021-06-21 00:01:50.334] [exthost] [info] ExtensionService#_doActivateExtension ms-vscode.js-debug {"startup":false,"extensionId":{"value":"ms-vscode.js-debug","_lower":"ms-vscode.js-debug"},"activationEvent":"onCommand:extension.js-debug.clearAutoAttachVariables"}
[2021-06-21 00:01:50.334] [exthost] [info] ExtensionService#loadCommonJSModule file:///snap/code/67/usr/share/code/resources/app/extensions/ms-vscode.js-debug/src/extension.js
[2021-06-21 00:01:50.556] [exthost] [info] ExtensionService#_doActivateExtension vscode.github {"startup":false,"extensionId":{"value":"vscode.github","_lower":"vscode.github"},"activationEvent":"*"}
[2021-06-21 00:01:50.556] [exthost] [info] ExtensionService#loadCommonJSModule file:///snap/code/67/usr/share/code/resources/app/extensions/github/dist/extension.js
[2021-06-21 00:01:50.644] [exthost] [info] ExtensionService#_doActivateExtension vscode.github-authentication {"startup":false,"extensionId":{"value":"vscode.github-authentication","_lower":"vscode.github-authentication"},"activationEvent":"onAuthenticationRequest:github"}
[2021-06-21 00:01:50.644] [exthost] [info] ExtensionService#loadCommonJSModule file:///snap/code/67/usr/share/code/resources/app/extensions/github-authentication/dist/extension.js
[2021-06-21 00:01:51.894] [exthost] [error] Activating extension ms-vsliveshare.vsliveshare failed due to an error:
[2021-06-21 00:01:51.894] [exthost] [error] Error: Agent terminated with exit code: 0 and signal null: A fatal error occurred. The required library libhostfxr.so could not be found.
If this is a self-contained application, that library should exist in [/home/manu/.vscode/extensions/ms-vsliveshare.vsliveshare-1.0.4419/dotnet_modules/].
If this is a framework-dependent application, install the runtime in the global location [/usr/share/dotnet] or use the DOTNET_ROOT environment variable to specify the runtime location or register the runtime location in [/etc/dotnet/install_location].

The .NET Core runtime can be found at:
  - https://aka.ms/dotnet-core-applaunch?missing_runtime=true&arch=x64&rid=ubuntu.18.04-x64
	at ChildProcess.<anonymous> (/home/manu/.vscode/extensions/ms-vsliveshare.vsliveshare-1.0.4419/out/prod/extension-prod.js:194642:32)
	at ChildProcess.emit (events.js:327:22)
	at maybeClose (internal/child_process.js:1048:16)
	at Socket.<anonymous> (internal/child_process.js:439:11)
	at Socket.emit (events.js:315:20)
	at Pipe.<anonymous> (net.js:673:12)
[2021-06-21 00:01:51.895] [exthost] [info] eager extensions activated
[2021-06-21 00:01:51.901] [exthost] [info] ExtensionService#_doActivateExtension vscode.emmet {"startup":false,"extensionId":{"value":"vscode.emmet","_lower":"vscode.emmet"},"activationEvent":"onStartupFinished"}
[2021-06-21 00:01:51.901] [exthost] [info] ExtensionService#loadCommonJSModule file:///snap/code/67/usr/share/code/resources/app/extensions/emmet/dist/node/emmetNodeMain
[2021-06-21 00:01:51.913] [exthost] [info] ExtensionService#_doActivateExtension vscode.merge-conflict {"startup":false,"extensionId":{"value":"vscode.merge-conflict","_lower":"vscode.merge-conflict"},"activationEvent":"onStartupFinished"}
[2021-06-21 00:01:51.913] [exthost] [info] ExtensionService#loadCommonJSModule file:///snap/code/67/usr/share/code/resources/app/extensions/merge-conflict/dist/mergeConflictMain
[2021-06-21 00:01:51.917] [exthost] [info] ExtensionService#_doActivateExtension vscode.testing-editor-contributions {"startup":false,"extensionId":{"value":"vscode.testing-editor-contributions","_lower":"vscode.testing-editor-contributions"},"activationEvent":"onStartupFinished"}
[2021-06-21 00:01:51.917] [exthost] [info] ExtensionService#loadCommonJSModule file:///snap/code/67/usr/share/code/resources/app/extensions/testing-editor-contributions/dist/extension.js
[2021-06-21 00:01:51.918] [exthost] [info] ExtensionService#_doActivateExtension dbaeumer.vscode-eslint {"startup":false,"extensionId":{"value":"dbaeumer.vscode-eslint","_lower":"dbaeumer.vscode-eslint"},"activationEvent":"onStartupFinished"}
[2021-06-21 00:01:51.918] [exthost] [info] ExtensionService#loadCommonJSModule file:///home/manu/.vscode/extensions/dbaeumer.vscode-eslint-2.1.23/client/out/extension
[2021-06-21 00:02:11.312] [exthost] [info] extension host terminating: renderer closed the socket
[2021-06-21 00:02:12.321] [exthost] [info] exiting with code 0
[2021-06-21 00:02:13.210] [exthost] [info] extension host started
[2021-06-21 00:02:13.303] [exthost] [info] ExtensionService#_doActivateExtension vscode.microsoft-authentication {"startup":false,"extensionId":{"value":"vscode.microsoft-authentication","_lower":"vscode.microsoft-authentication"},"activationEvent":"onAuthenticationRequest:microsoft"}
[2021-06-21 00:02:13.303] [exthost] [info] ExtensionService#loadCommonJSModule file:///snap/code/67/usr/share/code/resources/app/extensions/microsoft-authentication/dist/extension.js
[2021-06-21 00:02:13.315] [exthost] [info] ExtensionService#_doActivateExtension vscode.debug-auto-launch {"startup":true,"extensionId":{"value":"vscode.debug-auto-launch","_lower":"vscode.debug-auto-launch"},"activationEvent":"*"}
[2021-06-21 00:02:13.315] [exthost] [info] ExtensionService#loadCommonJSModule file:///snap/code/67/usr/share/code/resources/app/extensions/debug-auto-launch/dist/extension
[2021-06-21 00:02:13.318] [exthost] [info] ExtensionService#_doActivateExtension vscode.git {"startup":true,"extensionId":{"value":"vscode.github","_lower":"vscode.github"},"activationEvent":"*"}
[2021-06-21 00:02:13.318] [exthost] [info] ExtensionService#loadCommonJSModule file:///snap/code/67/usr/share/code/resources/app/extensions/git/dist/main
[2021-06-21 00:02:13.340] [exthost] [info] ExtensionService#_doActivateExtension ms-vsliveshare.vsliveshare {"startup":true,"extensionId":{"value":"ms-vsliveshare.vsliveshare","_lower":"ms-vsliveshare.vsliveshare"},"activationEvent":"*"}
[2021-06-21 00:02:13.340] [exthost] [info] ExtensionService#loadCommonJSModule file:///home/manu/.vscode/extensions/ms-vsliveshare.vsliveshare-1.0.4419/out/prod/extension-prod
[2021-06-21 00:02:13.510] [exthost] [info] ExtensionService#_doActivateExtension vscode.npm {"startup":true,"extensionId":{"value":"vscode.npm","_lower":"vscode.npm"},"activationEvent":"workspaceContains:package.json"}
[2021-06-21 00:02:13.510] [exthost] [info] ExtensionService#loadCommonJSModule file:///snap/code/67/usr/share/code/resources/app/extensions/npm/dist/npmMain
[2021-06-21 00:02:13.751] [exthost] [info] ExtensionService#_doActivateExtension ms-vscode.js-debug {"startup":false,"extensionId":{"value":"ms-vscode.js-debug","_lower":"ms-vscode.js-debug"},"activationEvent":"onCommand:extension.js-debug.clearAutoAttachVariables"}
[2021-06-21 00:02:13.752] [exthost] [info] ExtensionService#loadCommonJSModule file:///snap/code/67/usr/share/code/resources/app/extensions/ms-vscode.js-debug/src/extension.js
[2021-06-21 00:02:13.917] [exthost] [info] ExtensionService#_doActivateExtension vscode.github {"startup":false,"extensionId":{"value":"vscode.github","_lower":"vscode.github"},"activationEvent":"*"}
[2021-06-21 00:02:13.917] [exthost] [info] ExtensionService#loadCommonJSModule file:///snap/code/67/usr/share/code/resources/app/extensions/github/dist/extension.js
[2021-06-21 00:02:13.935] [exthost] [warning] [Decorations] CAPPING events from decorations provider vscode.git 296
[2021-06-21 00:02:13.942] [exthost] [info] ExtensionService#_doActivateExtension vscode.github-authentication {"startup":false,"extensionId":{"value":"vscode.github-authentication","_lower":"vscode.github-authentication"},"activationEvent":"onAuthenticationRequest:github"}
[2021-06-21 00:02:13.942] [exthost] [info] ExtensionService#loadCommonJSModule file:///snap/code/67/usr/share/code/resources/app/extensions/github-authentication/dist/extension.js
[2021-06-21 00:02:15.181] [exthost] [error] Activating extension ms-vsliveshare.vsliveshare failed due to an error:
[2021-06-21 00:02:15.181] [exthost] [error] Error: Agent terminated with exit code: 0 and signal null: A fatal error occurred. The required library libhostfxr.so could not be found.
If this is a self-contained application, that library should exist in [/home/manu/.vscode/extensions/ms-vsliveshare.vsliveshare-1.0.4419/dotnet_modules/].
If this is a framework-dependent application, install the runtime in the global location [/usr/share/dotnet] or use the DOTNET_ROOT environment variable to specify the runtime location or register the runtime location in [/etc/dotnet/install_location].

The .NET Core runtime can be found at:
  - https://aka.ms/dotnet-core-applaunch?missing_runtime=true&arch=x64&rid=ubuntu.18.04-x64
	at ChildProcess.<anonymous> (/home/manu/.vscode/extensions/ms-vsliveshare.vsliveshare-1.0.4419/out/prod/extension-prod.js:194642:32)
	at ChildProcess.emit (events.js:327:22)
	at maybeClose (internal/child_process.js:1048:16)
	at Socket.<anonymous> (internal/child_process.js:439:11)
	at Socket.emit (events.js:315:20)
	at Pipe.<anonymous> (net.js:673:12)
[2021-06-21 00:02:15.181] [exthost] [info] eager extensions activated
[2021-06-21 00:02:15.186] [exthost] [info] ExtensionService#_doActivateExtension vscode.emmet {"startup":false,"extensionId":{"value":"vscode.emmet","_lower":"vscode.emmet"},"activationEvent":"onStartupFinished"}
[2021-06-21 00:02:15.186] [exthost] [info] ExtensionService#loadCommonJSModule file:///snap/code/67/usr/share/code/resources/app/extensions/emmet/dist/node/emmetNodeMain
[2021-06-21 00:02:15.191] [exthost] [info] ExtensionService#_doActivateExtension vscode.merge-conflict {"startup":false,"extensionId":{"value":"vscode.merge-conflict","_lower":"vscode.merge-conflict"},"activationEvent":"onStartupFinished"}
[2021-06-21 00:02:15.191] [exthost] [info] ExtensionService#loadCommonJSModule file:///snap/code/67/usr/share/code/resources/app/extensions/merge-conflict/dist/mergeConflictMain
[2021-06-21 00:02:15.193] [exthost] [info] ExtensionService#_doActivateExtension vscode.testing-editor-contributions {"startup":false,"extensionId":{"value":"vscode.testing-editor-contributions","_lower":"vscode.testing-editor-contributions"},"activationEvent":"onStartupFinished"}
[2021-06-21 00:02:15.193] [exthost] [info] ExtensionService#loadCommonJSModule file:///snap/code/67/usr/share/code/resources/app/extensions/testing-editor-contributions/dist/extension.js
[2021-06-21 00:02:23.012] [exthost] [info] ExtensionService#_doActivateExtension dbaeumer.vscode-eslint {"startup":false,"extensionId":{"value":"dbaeumer.vscode-eslint","_lower":"dbaeumer.vscode-eslint"},"activationEvent":"onStartupFinished"}
[2021-06-21 00:02:23.012] [exthost] [info] ExtensionService#loadCommonJSModule file:///home/manu/.vscode/extensions/dbaeumer.vscode-eslint-2.1.23/client/out/extension
[2021-06-21 00:02:56.205] [exthost] [info] ExtensionService#_doActivateExtension vscode.typescript-language-features {"startup":false,"extensionId":{"value":"vscode.typescript-language-features","_lower":"vscode.typescript-language-features"},"activationEvent":"onLanguage:typescriptreact"}
[2021-06-21 00:02:56.205] [exthost] [info] ExtensionService#loadCommonJSModule file:///snap/code/67/usr/share/code/resources/app/extensions/typescript-language-features/dist/extension
[2021-06-21 00:02:57.284] [exthost] [warning] [Decorations] CAPPING events from decorations provider vscode.git 343
[2021-06-21 00:03:02.671] [exthost] [info] ExtensionService#_doActivateExtension vscode.configuration-editing {"startup":false,"extensionId":{"value":"vscode.configuration-editing","_lower":"vscode.configuration-editing"},"activationEvent":"onLanguage:jsonc"}
[2021-06-21 00:03:02.671] [exthost] [info] ExtensionService#loadCommonJSModule file:///snap/code/67/usr/share/code/resources/app/extensions/configuration-editing/dist/configurationEditingMain
[2021-06-21 00:03:02.685] [exthost] [info] ExtensionService#_doActivateExtension vscode.json-language-features {"startup":false,"extensionId":{"value":"vscode.json-language-features","_lower":"vscode.json-language-features"},"activationEvent":"onLanguage:jsonc"}
[2021-06-21 00:03:02.685] [exthost] [info] ExtensionService#loadCommonJSModule file:///snap/code/67/usr/share/code/resources/app/extensions/json-language-features/client/dist/node/jsonClientMain
[2021-06-21 00:03:30.559] [exthost] [warning] [Decorations] CAPPING events from decorations provider vscode.git 348
[2021-06-21 00:03:56.085] [exthost] [warning] [Decorations] CAPPING events from decorations provider vscode.git 348
[2021-06-21 00:07:18.715] [exthost] [info] ExtensionService#_doActivateExtension vscode.extension-editing {"startup":false,"extensionId":{"value":"vscode.extension-editing","_lower":"vscode.extension-editing"},"activationEvent":"onLanguage:typescript"}
[2021-06-21 00:07:18.716] [exthost] [info] ExtensionService#loadCommonJSModule file:///snap/code/67/usr/share/code/resources/app/extensions/extension-editing/dist/extensionEditingMain
[2021-06-21 00:08:22.560] [exthost] [warning] [Decorations] CAPPING events from decorations provider vscode.git 349
[2021-06-21 00:13:56.792] [exthost] [warning] [Decorations] CAPPING events from decorations provider vscode.git 351
[2021-06-21 00:14:01.868] [exthost] [warning] [Decorations] CAPPING events from decorations provider vscode.git 351
[2021-06-21 00:19:29.459] [exthost] [warning] [Decorations] CAPPING events from decorations provider vscode.git 351
[2021-06-21 00:21:06.234] [exthost] [warning] [Decorations] CAPPING events from decorations provider vscode.git 352
[2021-06-21 00:22:29.135] [exthost] [warning] [Decorations] CAPPING events from decorations provider vscode.git 352
[2021-06-21 00:23:15.865] [exthost] [warning] [Decorations] CAPPING events from decorations provider vscode.git 352
[2021-06-21 00:23:26.327] [exthost] [warning] [Decorations] CAPPING events from decorations provider vscode.git 352
[2021-06-21 00:24:05.718] [exthost] [warning] [Decorations] CAPPING events from decorations provider vscode.git 352
[2021-06-21 00:27:45.425] [exthost] [warning] [Decorations] CAPPING events from decorations provider vscode.git 352
[2021-06-21 00:28:34.807] [exthost] [warning] [Decorations] CAPPING events from decorations provider vscode.git 353
[2021-06-21 00:29:02.647] [exthost] [info] ExtensionService#_doActivateExtension flowtype.flow-for-vscode {"startup":false,"extensionId":{"value":"flowtype.flow-for-vscode","_lower":"flowtype.flow-for-vscode"},"activationEvent":"onLanguage:javascript"}
[2021-06-21 00:29:02.647] [exthost] [info] ExtensionService#loadCommonJSModule file:///home/manu/.vscode/extensions/flowtype.flow-for-vscode-1.5.0/build/index.js
[2021-06-21 00:29:03.766] [exthost] [warning] [Decorations] CAPPING events from decorations provider vscode.git 356
[2021-06-21 00:29:08.931] [exthost] [warning] [Decorations] CAPPING events from decorations provider vscode.git 355
[2021-06-21 00:31:31.447] [exthost] [warning] [Decorations] CAPPING events from decorations provider vscode.git 358
[2021-06-21 00:32:11.116] [exthost] [warning] [Decorations] CAPPING events from decorations provider vscode.git 358
[2021-06-21 00:35:25.505] [exthost] [warning] [Decorations] CAPPING events from decorations provider vscode.git 358
[2021-06-21 00:35:33.953] [exthost] [warning] [Decorations] CAPPING events from decorations provider vscode.git 358
[2021-06-21 00:36:25.708] [exthost] [warning] [Decorations] CAPPING events from decorations provider vscode.git 358
[2021-06-21 00:36:30.841] [exthost] [warning] [Decorations] CAPPING events from decorations provider vscode.git 358
[2021-06-21 00:37:30.895] [exthost] [warning] [Decorations] CAPPING events from decorations provider vscode.git 358
[2021-06-21 00:37:42.398] [exthost] [warning] [Decorations] CAPPING events from decorations provider vscode.git 358
[2021-06-21 00:37:47.476] [exthost] [warning] [Decorations] CAPPING events from decorations provider vscode.git 358
[2021-06-21 00:37:52.599] [exthost] [warning] [Decorations] CAPPING events from decorations provider vscode.git 358
[2021-06-21 00:40:48.757] [exthost] [warning] [Decorations] CAPPING events from decorations provider vscode.git 358
[2021-06-21 00:41:00.628] [exthost] [warning] [Decorations] CAPPING events from decorations provider vscode.git 358
[2021-06-21 00:42:40.278] [exthost] [warning] [Decorations] CAPPING events from decorations provider vscode.git 358
[2021-06-21 00:42:51.354] [exthost] [warning] [Decorations] CAPPING events from decorations provider vscode.git 359
[2021-06-21 00:42:56.437] [exthost] [warning] [Decorations] CAPPING events from decorations provider vscode.git 359
[2021-06-21 00:44:28.690] [exthost] [warning] [Decorations] CAPPING events from decorations provider vscode.git 359
[2021-06-21 00:44:33.796] [exthost] [warning] [Decorations] CAPPING events from decorations provider vscode.git 359
[2021-06-21 00:45:59.887] [exthost] [warning] [Decorations] CAPPING events from decorations provider vscode.git 361
[2021-06-21 00:46:04.976] [exthost] [warning] [Decorations] CAPPING events from decorations provider vscode.git 361
[2021-06-21 00:46:10.092] [exthost] [warning] [Decorations] CAPPING events from decorations provider vscode.git 361
[2021-06-21 00:47:21.197] [exthost] [warning] [Decorations] CAPPING events from decorations provider vscode.git 360
[2021-06-21 00:48:42.370] [exthost] [warning] [Decorations] CAPPING events from decorations provider vscode.git 360
[2021-06-21 00:50:43.523] [exthost] [warning] [Decorations] CAPPING events from decorations provider vscode.git 360
[2021-06-21 00:50:51.828] [exthost] [warning] [Decorations] CAPPING events from decorations provider vscode.git 360
[2021-06-21 00:53:36.862] [exthost] [warning] [Decorations] CAPPING events from decorations provider vscode.git 360
[2021-06-21 00:53:47.635] [exthost] [warning] [Decorations] CAPPING events from decorations provider vscode.git 360
[2021-06-21 00:55:25.495] [exthost] [warning] [Decorations] CAPPING events from decorations provider vscode.git 360
[2021-06-21 00:55:48.537] [exthost] [warning] [Decorations] CAPPING events from decorations provider vscode.git 360
[2021-06-21 00:57:16.365] [exthost] [warning] [Decorations] CAPPING events from decorations provider vscode.git 360
[2021-06-21 01:00:28.044] [exthost] [warning] [Decorations] CAPPING events from decorations provider vscode.git 360
[2021-06-21 01:00:40.212] [exthost] [warning] [Decorations] CAPPING events from decorations provider vscode.git 360
[2021-06-21 01:03:44.569] [exthost] [warning] [Decorations] CAPPING events from decorations provider vscode.git 360
[2021-06-21 01:03:53.507] [exthost] [warning] [Decorations] CAPPING events from decorations provider vscode.git 360
[2021-06-21 01:07:23.049] [exthost] [warning] [Decorations] CAPPING events from decorations provider vscode.git 364
[2021-06-21 01:07:28.162] [exthost] [warning] [Decorations] CAPPING events from decorations provider vscode.git 364
[2021-06-21 01:12:00.958] [exthost] [warning] [Decorations] CAPPING events from decorations provider vscode.git 363
[2021-06-21 01:12:06.057] [exthost] [warning] [Decorations] CAPPING events from decorations provider vscode.git 363
[2021-06-21 01:12:17.684] [exthost] [warning] [Decorations] CAPPING events from decorations provider vscode.git 362
[2021-06-21 01:12:33.192] [exthost] [warning] [Decorations] CAPPING events from decorations provider vscode.git 362
[2021-06-21 01:12:56.610] [exthost] [warning] [Decorations] CAPPING events from decorations provider vscode.git 361
[2021-06-21 01:13:19.449] [exthost] [warning] [Decorations] CAPPING events from decorations provider vscode.git 361
[2021-06-21 01:13:34.809] [exthost] [warning] [Decorations] CAPPING events from decorations provider vscode.git 361
[2021-06-21 01:15:00.385] [exthost] [warning] [Decorations] CAPPING events from decorations provider vscode.git 361
[2021-06-21 01:15:05.513] [exthost] [warning] [Decorations] CAPPING events from decorations provider vscode.git 361
[2021-06-21 01:15:25.389] [exthost] [warning] [Decorations] CAPPING events from decorations provider vscode.git 361
[2021-06-21 01:16:30.965] [exthost] [warning] [Decorations] CAPPING events from decorations provider vscode.git 361
[2021-06-21 01:21:28.976] [exthost] [warning] [Decorations] CAPPING events from decorations provider vscode.git 361
[2021-06-21 01:23:23.684] [exthost] [warning] [Decorations] CAPPING events from decorations provider vscode.git 361
[2021-06-21 01:31:55.084] [exthost] [warning] [Decorations] CAPPING events from decorations provider vscode.git 361
[2021-06-21 01:32:00.220] [exthost] [warning] [Decorations] CAPPING events from decorations provider vscode.git 361
[2021-06-21 01:32:18.111] [exthost] [warning] [Decorations] CAPPING events from decorations provider vscode.git 361
[2021-06-21 01:35:41.220] [exthost] [warning] [Decorations] CAPPING events from decorations provider vscode.git 361
[2021-06-21 01:36:14.496] [exthost] [warning] [Decorations] CAPPING events from decorations provider vscode.git 361
[2021-06-21 01:36:38.335] [exthost] [warning] [Decorations] CAPPING events from decorations provider vscode.git 361
[2021-06-21 01:37:26.137] [exthost] [warning] [Decorations] CAPPING events from decorations provider vscode.git 361
[2021-06-21 01:38:20.333] [exthost] [warning] [Decorations] CAPPING events from decorations provider vscode.git 361
[2021-06-21 01:39:06.702] [exthost] [warning] [Decorations] CAPPING events from decorations provider vscode.git 361
[2021-06-21 01:39:46.407] [exthost] [warning] [Decorations] CAPPING events from decorations provider vscode.git 361
[2021-06-21 01:39:56.485] [exthost] [warning] [Decorations] CAPPING events from decorations provider vscode.git 361
[2021-06-21 02:07:08.032] [exthost] [warning] [Decorations] CAPPING events from decorations provider vscode.git 361
[2021-06-21 02:21:16.710] [exthost] [warning] [Decorations] CAPPING events from decorations provider vscode.git 361
[2021-06-21 02:28:10.940] [exthost] [warning] [Decorations] CAPPING events from decorations provider vscode.git 361
[2021-06-21 02:50:26.071] [exthost] [warning] [Decorations] CAPPING events from decorations provider vscode.git 361
[2021-06-21 03:22:05.094] [exthost] [warning] [Decorations] CAPPING events from decorations provider vscode.git 361
[2021-06-21 03:23:34.789] [exthost] [warning] [Decorations] CAPPING events from decorations provider vscode.git 361
[2021-06-21 03:24:49.255] [exthost] [warning] [Decorations] CAPPING events from decorations provider vscode.git 361
[2021-06-21 03:25:31.457] [exthost] [warning] [Decorations] CAPPING events from decorations provider vscode.git 361
[2021-06-21 03:45:12.490] [exthost] [warning] [Decorations] CAPPING events from decorations provider vscode.git 362
